<?xml version="1.0" encoding="UTF-8"?>
<testng-results ignored="0" total="1" passed="1" failed="0" skipped="0">
  <reporter-output>
  </reporter-output>
  <suite started-at="2022-10-10T14:53:34 PKT" name="Suite" finished-at="2022-10-10T14:53:49 PKT" duration-ms="15266">
    <groups>
    </groups>
    <test started-at="2022-10-10T14:53:34 PKT" name="Smoke" finished-at="2022-10-10T14:53:49 PKT" duration-ms="15266">
      <class name="com.mystore.testcases.attributeSettest">
        <test-method is-config="true" signature="loadConfig()[pri:0, instance:com.mystore.testcases.attributeSettest@d6e7bab]" started-at="2022-10-10T14:53:34 PKT" name="loadConfig" finished-at="2022-10-10T14:53:34 PKT" duration-ms="16" status="PASS">
          <reporter-output>
          </reporter-output>
        </test-method> <!-- loadConfig -->
        <test-method is-config="true" signature="setup(java.lang.String)[pri:0, instance:com.mystore.testcases.attributeSettest@d6e7bab]" started-at="2022-10-10T14:53:35 PKT" name="setup" finished-at="2022-10-10T14:53:40 PKT" duration-ms="5639" status="PASS">
          <params>
            <param index="0">
              <value>
                <![CDATA[Chrome]]>
              </value>
            </param>
          </params>
          <reporter-output>
          </reporter-output>
        </test-method> <!-- setup -->
        <test-method signature="attributeSettest1(java.lang.String, java.lang.String, java.lang.String, java.lang.String)[pri:0, instance:com.mystore.testcases.attributeSettest@d6e7bab]" started-at="2022-10-10T14:53:40 PKT" name="attributeSettest1" data-provider="credentials" finished-at="2022-10-10T14:53:49 PKT" duration-ms="8566" status="PASS">
          <params>
            <param index="0">
              <value>
                <![CDATA[hamza848riaz@gmail.com]]>
              </value>
            </param>
            <param index="1">
              <value>
                <![CDATA[61ae01ae]]>
              </value>
            </param>
            <param index="2">
              <value>
                <![CDATA[sdas]]>
              </value>
            </param>
            <param index="3">
              <value>
                <![CDATA[as]]>
              </value>
            </param>
          </params>
          <reporter-output>
          </reporter-output>
        </test-method> <!-- attributeSettest1 -->
        <test-method is-config="true" signature="tearDown()[pri:0, instance:com.mystore.testcases.attributeSettest@d6e7bab]" started-at="2022-10-10T14:53:49 PKT" name="tearDown" finished-at="2022-10-10T14:53:49 PKT" duration-ms="0" status="PASS">
          <reporter-output>
          </reporter-output>
        </test-method> <!-- tearDown -->
        <test-method is-config="true" signature="afterSuite()[pri:0, instance:com.mystore.testcases.attributeSettest@d6e7bab]" started-at="2022-10-10T14:53:49 PKT" name="afterSuite" finished-at="2022-10-10T14:53:49 PKT" duration-ms="0" status="PASS">
          <reporter-output>
          </reporter-output>
        </test-method> <!-- afterSuite -->
      </class> <!-- com.mystore.testcases.attributeSettest -->
    </test> <!-- Smoke -->
  </suite> <!-- Suite -->
</testng-results>
